[27-Mar-2026 17:13:00 Europe/Berlin] Raw item_names: Array
(
    [0] => wheel
)

[27-Mar-2026 17:13:00 Europe/Berlin] Raw qtys: Array
(
    [0] => 30
)

[27-Mar-2026 17:13:00 Europe/Berlin] Raw rates: Array
(
    [0] => 450000
)

[27-Mar-2026 17:13:00 Europe/Berlin] Item 0: name='wheel', qty=30, rate=450000
[27-Mar-2026 17:13:00 Europe/Berlin] Item 0 ACCEPTED. subtotal now = 13500000
[27-Mar-2026 17:13:00 Europe/Berlin] === FINAL ===
[27-Mar-2026 17:13:00 Europe/Berlin] Subtotal: 13500000, Tax: 0, Total: 13500000
[27-Mar-2026 17:13:00 Europe/Berlin] Items to save: Array
(
    [0] => Array
        (
            [item] => wheel
            [desc] => wheel rim
            [um] => pcs
            [qty] => 30
            [rate] => 450000
            [total] => 13500000
        )

)

[27-Mar-2026 17:20:28 Europe/Berlin] Raw item_names: Array
(
    [0] => wheel
)

[27-Mar-2026 17:20:28 Europe/Berlin] Raw qtys: Array
(
    [0] => 20
)

[27-Mar-2026 17:20:28 Europe/Berlin] Raw rates: Array
(
    [0] => 8000000
)

[27-Mar-2026 17:20:28 Europe/Berlin] Item 0: name='wheel', qty=20, rate=8000000
[27-Mar-2026 17:20:28 Europe/Berlin] Item 0 ACCEPTED. subtotal now = 160000000
[27-Mar-2026 17:20:28 Europe/Berlin] === FINAL ===
[27-Mar-2026 17:20:28 Europe/Berlin] Subtotal: 160000000, Tax: 0, Total: 160000000
[27-Mar-2026 17:20:28 Europe/Berlin] Items to save: Array
(
    [0] => Array
        (
            [item] => wheel
            [desc] => front wheel
            [um] => pcs
            [qty] => 20
            [rate] => 8000000
            [total] => 160000000
        )

)

[27-Mar-2026 18:30:17 Europe/Berlin] Raw item_names: Array
(
    [0] => painting
)

[27-Mar-2026 18:30:17 Europe/Berlin] Raw qtys: Array
(
    [0] => 1
)

[27-Mar-2026 18:30:17 Europe/Berlin] Raw rates: Array
(
    [0] => 90000000
)

[27-Mar-2026 18:30:17 Europe/Berlin] Item 0: name='painting', qty=1, rate=90000000
[27-Mar-2026 18:30:17 Europe/Berlin] Item 0 ACCEPTED. subtotal now = 90000000
[27-Mar-2026 18:30:17 Europe/Berlin] === FINAL ===
[27-Mar-2026 18:30:17 Europe/Berlin] Subtotal: 90000000, Tax: 0, Total: 90000000
[27-Mar-2026 18:30:17 Europe/Berlin] Items to save: Array
(
    [0] => Array
        (
            [item] => painting
            [desc] => paint
            [um] => pcs
            [qty] => 1
            [rate] => 90000000
            [total] => 90000000
        )

)

[27-Mar-2026 18:30:17 Europe/Berlin] Columns in quotations: Array
(
    [0] => id
    [1] => customer_id
    [2] => quotation_number
    [3] => job_card_id
    [4] => customer_name
    [5] => telephone
    [6] => email
    [7] => vehicle_model
    [8] => reg_no
    [9] => chassis_no
    [10] => odo_reading
    [11] => subtotal
    [12] => vat_amount
    [13] => service_fee
    [14] => total_amount
    [15] => status
    [16] => invoice_number
    [17] => converted_to_invoice_at
    [18] => authorized
    [19] => customer_signature_name
    [20] => customer_signature_date
    [21] => prepared_by
    [22] => prepared_date
    [23] => created_by
    [24] => created_at
    [25] => approved_at
    [26] => approved_by
    [27] => invoiced
    [28] => invoice_id
    [29] => quotation_date
    [30] => vehicle_reg
    [31] => tax
    [32] => notes
    [33] => customer_type
    [34] => company_name
    [35] => tin
    [36] => amount
)

[27-Mar-2026 18:41:00 Europe/Berlin] Raw item_names: Array
(
    [0] => Grill
)

[27-Mar-2026 18:41:00 Europe/Berlin] Raw qtys: Array
(
    [0] => 1
)

[27-Mar-2026 18:41:00 Europe/Berlin] Raw rates: Array
(
    [0] => 5000000
)

[27-Mar-2026 18:41:00 Europe/Berlin] Item 0: name='Grill', qty=1, rate=5000000
[27-Mar-2026 18:41:00 Europe/Berlin] Item 0 ACCEPTED. subtotal now = 5000000
[27-Mar-2026 18:41:00 Europe/Berlin] === FINAL ===
[27-Mar-2026 18:41:00 Europe/Berlin] Subtotal: 5000000, Tax: 0, Total: 5000000
[27-Mar-2026 18:41:00 Europe/Berlin] Items to save: Array
(
    [0] => Array
        (
            [item] => Grill
            [desc] => front grill
            [um] => pcs
            [qty] => 1
            [rate] => 5000000
            [total] => 5000000
        )

)

[27-Mar-2026 18:41:00 Europe/Berlin] Columns in quotations: Array
(
    [0] => id
    [1] => customer_id
    [2] => quotation_number
    [3] => job_card_id
    [4] => customer_name
    [5] => telephone
    [6] => email
    [7] => vehicle_model
    [8] => reg_no
    [9] => chassis_no
    [10] => odo_reading
    [11] => subtotal
    [12] => vat_amount
    [13] => service_fee
    [14] => total_amount
    [15] => status
    [16] => invoice_number
    [17] => converted_to_invoice_at
    [18] => authorized
    [19] => customer_signature_name
    [20] => customer_signature_date
    [21] => prepared_by
    [22] => prepared_date
    [23] => created_by
    [24] => created_at
    [25] => approved_at
    [26] => approved_by
    [27] => invoiced
    [28] => invoice_id
    [29] => quotation_date
    [30] => vehicle_reg
    [31] => tax
    [32] => notes
    [33] => customer_type
    [34] => company_name
    [35] => tin
    [36] => amount
)

[27-Mar-2026 18:41:00 Europe/Berlin] INSERT affected rows: 1
[27-Mar-2026 18:41:00 Europe/Berlin] QUOTATION INSERT SQL: INSERT INTO quotations (quotation_number, customer_id, quotation_date, vehicle_reg, vehicle_model, chassis_no, odo_reading, subtotal, tax, total_amount, notes, created_by, status, customer_type, company_name, tin) VALUES (?, ?, ?, ?, ?, ?, ?, ?, ?, ?, ?, ?, ?, ?, ?, ?)
[27-Mar-2026 18:41:00 Europe/Berlin] QUOTATION INSERT PARAMS: Array
(
    [0] => QTN-2026-0015
    [1] => 27
    [2] => 2026-03-27
    [3] => UA 876BN
    [4] => mini vani
    [5] => GH767736365H76788V
    [6] => 340 0
    [7] => 5000000
    [8] => 0
    [9] => 5000000
    [10] => 
    [11] => 1
    [12] => draft
    [13] => individual
    [14] => 
    [15] => 
)

[27-Mar-2026 19:03:31 Europe/Berlin] Raw item_names: Array
(
    [0] => high steering
)

[27-Mar-2026 19:03:31 Europe/Berlin] Raw qtys: Array
(
    [0] => 1
)

[27-Mar-2026 19:03:31 Europe/Berlin] Raw rates: Array
(
    [0] => 7000000
)

[27-Mar-2026 19:03:31 Europe/Berlin] Item 0: name='high steering', qty=1, rate=7000000
[27-Mar-2026 19:03:31 Europe/Berlin] Item 0 ACCEPTED. subtotal now = 7000000
[27-Mar-2026 19:03:31 Europe/Berlin] === FINAL ===
[27-Mar-2026 19:03:31 Europe/Berlin] Subtotal: 7000000, Tax: 0, Total: 7000000
[27-Mar-2026 19:03:31 Europe/Berlin] Items to save: Array
(
    [0] => Array
        (
            [item] => high steering
            [desc] => steering
            [um] => pcs
            [qty] => 1
            [rate] => 7000000
            [total] => 7000000
        )

)

[27-Mar-2026 19:03:31 Europe/Berlin] Columns in quotations: Array
(
    [0] => id
    [1] => customer_id
    [2] => quotation_number
    [3] => job_card_id
    [4] => customer_name
    [5] => telephone
    [6] => email
    [7] => vehicle_model
    [8] => reg_no
    [9] => chassis_no
    [10] => odo_reading
    [11] => subtotal
    [12] => vat_amount
    [13] => service_fee
    [14] => total_amount
    [15] => status
    [16] => invoice_number
    [17] => converted_to_invoice_at
    [18] => authorized
    [19] => customer_signature_name
    [20] => customer_signature_date
    [21] => prepared_by
    [22] => prepared_date
    [23] => created_by
    [24] => created_at
    [25] => approved_at
    [26] => approved_by
    [27] => invoiced
    [28] => invoice_id
    [29] => quotation_date
    [30] => vehicle_reg
    [31] => tax
    [32] => notes
    [33] => customer_type
    [34] => company_name
    [35] => tin
    [36] => amount
)

[27-Mar-2026 19:03:31 Europe/Berlin] INSERT SQL: INSERT INTO quotations (quotation_number, customer_id, quotation_date, vehicle_reg, vehicle_model, chassis_no, odo_reading, subtotal, tax, total_amount, notes, created_by, status, customer_type, company_name, tin) VALUES (?, ?, ?, ?, ?, ?, ?, ?, ?, ?, ?, ?, ?, ?, ?, ?)
[27-Mar-2026 19:03:31 Europe/Berlin] INSERT VALUES: Array
(
    [0] => QTN-2026-0016
    [1] => 76
    [2] => 2026-03-27
    [3] => UA 657KR
    [4] => mini vani
    [5] => GH768098765TR90L
    [6] => 565 66
    [7] => 7000000
    [8] => 0
    [9] => 7000000
    [10] => 
    [11] => 1
    [12] => draft
    [13] => individual
    [14] => 
    [15] => 
)

[27-Mar-2026 19:03:31 Europe/Berlin] Affected rows: 1
[27-Mar-2026 19:03:31 Europe/Berlin] Quotation save error: SQLSTATE[23000]: Integrity constraint violation: 1062 Duplicate entry 'QTN-2026-0016' for key 'quotation_number'
[27-Mar-2026 19:05:45 Europe/Berlin] Raw item_names: Array
(
    [0] => brake pads
)

[27-Mar-2026 19:05:45 Europe/Berlin] Raw qtys: Array
(
    [0] => 30
)

[27-Mar-2026 19:05:45 Europe/Berlin] Raw rates: Array
(
    [0] => 900000
)

[27-Mar-2026 19:05:45 Europe/Berlin] Item 0: name='brake pads', qty=30, rate=900000
[27-Mar-2026 19:05:45 Europe/Berlin] Item 0 ACCEPTED. subtotal now = 27000000
[27-Mar-2026 19:05:45 Europe/Berlin] === FINAL ===
[27-Mar-2026 19:05:45 Europe/Berlin] Subtotal: 27000000, Tax: 0, Total: 27000000
[27-Mar-2026 19:05:45 Europe/Berlin] Items to save: Array
(
    [0] => Array
        (
            [item] => brake pads
            [desc] => replacement of brakepads
            [um] => pcs
            [qty] => 30
            [rate] => 900000
            [total] => 27000000
        )

)

[27-Mar-2026 19:05:45 Europe/Berlin] Columns in quotations: Array
(
    [0] => id
    [1] => customer_id
    [2] => quotation_number
    [3] => job_card_id
    [4] => customer_name
    [5] => telephone
    [6] => email
    [7] => vehicle_model
    [8] => reg_no
    [9] => chassis_no
    [10] => odo_reading
    [11] => subtotal
    [12] => vat_amount
    [13] => service_fee
    [14] => total_amount
    [15] => status
    [16] => invoice_number
    [17] => converted_to_invoice_at
    [18] => authorized
    [19] => customer_signature_name
    [20] => customer_signature_date
    [21] => prepared_by
    [22] => prepared_date
    [23] => created_by
    [24] => created_at
    [25] => approved_at
    [26] => approved_by
    [27] => invoiced
    [28] => invoice_id
    [29] => quotation_date
    [30] => vehicle_reg
    [31] => tax
    [32] => notes
    [33] => customer_type
    [34] => company_name
    [35] => tin
    [36] => amount
)

[27-Mar-2026 19:05:45 Europe/Berlin] INSERT SQL: INSERT INTO quotations (quotation_number, customer_id, quotation_date, vehicle_reg, vehicle_model, chassis_no, odo_reading, subtotal, tax, total_amount, notes, created_by, status, customer_type, company_name, tin) VALUES (?, ?, ?, ?, ?, ?, ?, ?, ?, ?, ?, ?, ?, ?, ?, ?)
[27-Mar-2026 19:05:45 Europe/Berlin] INSERT VALUES: Array
(
    [0] => QTN-2026-0016
    [1] => 31
    [2] => 2026-03-27
    [3] => UB 678RZ
    [4] => royal
    [5] => GH768098765TR90L
    [6] => 900000
    [7] => 27000000
    [8] => 0
    [9] => 27000000
    [10] => 
    [11] => 1
    [12] => draft
    [13] => individual
    [14] => 
    [15] => 
)

[27-Mar-2026 19:05:45 Europe/Berlin] INSERT affected rows: 1
[27-Mar-2026 19:05:45 Europe/Berlin] QUOTATION INSERT SQL: INSERT INTO quotations (quotation_number, customer_id, quotation_date, vehicle_reg, vehicle_model, chassis_no, odo_reading, subtotal, tax, total_amount, notes, created_by, status, customer_type, company_name, tin) VALUES (?, ?, ?, ?, ?, ?, ?, ?, ?, ?, ?, ?, ?, ?, ?, ?)
[27-Mar-2026 19:05:45 Europe/Berlin] QUOTATION INSERT PARAMS: Array
(
    [0] => QTN-2026-0016
    [1] => 31
    [2] => 2026-03-27
    [3] => UB 678RZ
    [4] => royal
    [5] => GH768098765TR90L
    [6] => 900000
    [7] => 27000000
    [8] => 0
    [9] => 27000000
    [10] => 
    [11] => 1
    [12] => draft
    [13] => individual
    [14] => 
    [15] => 
)

[27-Mar-2026 19:05:45 Europe/Berlin] Commit successful for quotation ID: 46, total: 27000000
[27-Mar-2026 19:17:54 Europe/Berlin] Raw item_names: Array
(
    [0] => glove box
)

[27-Mar-2026 19:17:54 Europe/Berlin] Raw qtys: Array
(
    [0] => 1
)

[27-Mar-2026 19:17:54 Europe/Berlin] Raw rates: Array
(
    [0] => 4500000
)

[27-Mar-2026 19:17:54 Europe/Berlin] Item 0: name='glove box', qty=1, rate=4500000
[27-Mar-2026 19:17:54 Europe/Berlin] Item 0 ACCEPTED. subtotal now = 4500000
[27-Mar-2026 19:17:54 Europe/Berlin] === FINAL ===
[27-Mar-2026 19:17:54 Europe/Berlin] Subtotal: 4500000, Tax: 0, Total: 4500000
[27-Mar-2026 19:17:54 Europe/Berlin] Items to save: Array
(
    [0] => Array
        (
            [item] => glove box
            [desc] => box
            [um] => 
            [qty] => 1
            [rate] => 4500000
            [total] => 4500000
        )

)

[27-Mar-2026 19:17:54 Europe/Berlin] Columns in quotations: Array
(
    [0] => id
    [1] => customer_id
    [2] => quotation_number
    [3] => job_card_id
    [4] => customer_name
    [5] => telephone
    [6] => email
    [7] => vehicle_model
    [8] => reg_no
    [9] => chassis_no
    [10] => odo_reading
    [11] => subtotal
    [12] => vat_amount
    [13] => service_fee
    [14] => total_amount
    [15] => status
    [16] => invoice_number
    [17] => converted_to_invoice_at
    [18] => authorized
    [19] => customer_signature_name
    [20] => customer_signature_date
    [21] => prepared_by
    [22] => prepared_date
    [23] => created_by
    [24] => created_at
    [25] => approved_at
    [26] => approved_by
    [27] => invoiced
    [28] => invoice_id
    [29] => quotation_date
    [30] => vehicle_reg
    [31] => tax
    [32] => notes
    [33] => customer_type
    [34] => company_name
    [35] => tin
    [36] => amount
)

[27-Mar-2026 19:17:54 Europe/Berlin] INSERT SQL: INSERT INTO quotations (quotation_number, customer_id, quotation_date, vehicle_reg, vehicle_model, chassis_no, odo_reading, subtotal, tax, total_amount, notes, created_by, status, customer_type, company_name, tin) VALUES (?, ?, ?, ?, ?, ?, ?, ?, ?, ?, ?, ?, ?, ?, ?, ?)
[27-Mar-2026 19:17:54 Europe/Berlin] INSERT VALUES: Array
(
    [0] => QTN-2026-0017
    [1] => 43
    [2] => 2026-03-27
    [3] => UA 556DH
    [4] => Royal
    [5] => RE78967877009D567
    [6] => 455 5
    [7] => 4500000
    [8] => 0
    [9] => 4500000
    [10] => 
    [11] => 1
    [12] => draft
    [13] => individual
    [14] => 
    [15] => 
)

[27-Mar-2026 19:17:54 Europe/Berlin] INSERT affected rows: 1
[27-Mar-2026 19:17:54 Europe/Berlin] QUOTATION INSERT SQL: INSERT INTO quotations (quotation_number, customer_id, quotation_date, vehicle_reg, vehicle_model, chassis_no, odo_reading, subtotal, tax, total_amount, notes, created_by, status, customer_type, company_name, tin) VALUES (?, ?, ?, ?, ?, ?, ?, ?, ?, ?, ?, ?, ?, ?, ?, ?)
[27-Mar-2026 19:17:54 Europe/Berlin] QUOTATION INSERT PARAMS: Array
(
    [0] => QTN-2026-0017
    [1] => 43
    [2] => 2026-03-27
    [3] => UA 556DH
    [4] => Royal
    [5] => RE78967877009D567
    [6] => 455 5
    [7] => 4500000
    [8] => 0
    [9] => 4500000
    [10] => 
    [11] => 1
    [12] => draft
    [13] => individual
    [14] => 
    [15] => 
)

[27-Mar-2026 19:17:54 Europe/Berlin] Commit successful for quotation ID: 47, total: 4500000
[27-Mar-2026 20:28:02 Europe/Berlin] Raw item_names: Array
(
    [0] => brake pads
)

[27-Mar-2026 20:28:02 Europe/Berlin] Raw qtys: Array
(
    [0] => 100
)

[27-Mar-2026 20:28:02 Europe/Berlin] Raw rates: Array
(
    [0] => 1000000
)

[27-Mar-2026 20:28:02 Europe/Berlin] Item 0: name='brake pads', qty=100, rate=1000000
[27-Mar-2026 20:28:02 Europe/Berlin] Item 0 ACCEPTED. subtotal now = 100000000
[27-Mar-2026 20:28:02 Europe/Berlin] === FINAL ===
[27-Mar-2026 20:28:02 Europe/Berlin] Subtotal: 100000000, Tax: 0, Total: 100000000
[27-Mar-2026 20:28:02 Europe/Berlin] Items to save: Array
(
    [0] => Array
        (
            [item] => brake pads
            [desc] => replacing brake pads
            [um] => pcs
            [qty] => 100
            [rate] => 1000000
            [total] => 100000000
        )

)

[27-Mar-2026 20:28:02 Europe/Berlin] Columns in quotations: Array
(
    [0] => id
    [1] => customer_id
    [2] => quotation_number
    [3] => job_card_id
    [4] => customer_name
    [5] => telephone
    [6] => email
    [7] => vehicle_model
    [8] => reg_no
    [9] => chassis_no
    [10] => odo_reading
    [11] => subtotal
    [12] => vat_amount
    [13] => service_fee
    [14] => total_amount
    [15] => status
    [16] => invoice_number
    [17] => converted_to_invoice_at
    [18] => authorized
    [19] => customer_signature_name
    [20] => customer_signature_date
    [21] => prepared_by
    [22] => prepared_date
    [23] => created_by
    [24] => created_at
    [25] => approved_at
    [26] => approved_by
    [27] => invoiced
    [28] => invoice_id
    [29] => quotation_date
    [30] => vehicle_reg
    [31] => tax
    [32] => notes
    [33] => customer_type
    [34] => company_name
    [35] => tin
    [36] => amount
)

[27-Mar-2026 20:28:02 Europe/Berlin] INSERT SQL: INSERT INTO quotations (quotation_number, customer_id, quotation_date, vehicle_reg, vehicle_model, chassis_no, odo_reading, subtotal, tax, total_amount, notes, created_by, status, customer_type, company_name, tin) VALUES (?, ?, ?, ?, ?, ?, ?, ?, ?, ?, ?, ?, ?, ?, ?, ?)
[27-Mar-2026 20:28:02 Europe/Berlin] INSERT VALUES: Array
(
    [0] => QTN-2026-0018
    [1] => 22
    [2] => 2026-03-27
    [3] => UB 711GH
    [4] => G wagon
    [5] => GH768098765TR90L
    [6] => 455 5
    [7] => 100000000
    [8] => 0
    [9] => 100000000
    [10] => 
    [11] => 1
    [12] => draft
    [13] => individual
    [14] => 
    [15] => 
)

[27-Mar-2026 20:28:02 Europe/Berlin] INSERT affected rows: 1
[27-Mar-2026 20:28:02 Europe/Berlin] QUOTATION INSERT SQL: INSERT INTO quotations (quotation_number, customer_id, quotation_date, vehicle_reg, vehicle_model, chassis_no, odo_reading, subtotal, tax, total_amount, notes, created_by, status, customer_type, company_name, tin) VALUES (?, ?, ?, ?, ?, ?, ?, ?, ?, ?, ?, ?, ?, ?, ?, ?)
[27-Mar-2026 20:28:02 Europe/Berlin] QUOTATION INSERT PARAMS: Array
(
    [0] => QTN-2026-0018
    [1] => 22
    [2] => 2026-03-27
    [3] => UB 711GH
    [4] => G wagon
    [5] => GH768098765TR90L
    [6] => 455 5
    [7] => 100000000
    [8] => 0
    [9] => 100000000
    [10] => 
    [11] => 1
    [12] => draft
    [13] => individual
    [14] => 
    [15] => 
)

[27-Mar-2026 20:28:02 Europe/Berlin] Commit successful for quotation ID: 48, total: 100000000
[27-Mar-2026 21:13:02 Europe/Berlin] Raw item_names: Array
(
    [0] => wheel stearing
)

[27-Mar-2026 21:13:02 Europe/Berlin] Raw qtys: Array
(
    [0] => 5
)

[27-Mar-2026 21:13:02 Europe/Berlin] Raw rates: Array
(
    [0] => 8500000
)

[27-Mar-2026 21:13:02 Europe/Berlin] Item 0: name='wheel stearing', qty=5, rate=8500000
[27-Mar-2026 21:13:02 Europe/Berlin] Item 0 ACCEPTED. subtotal now = 42500000
[27-Mar-2026 21:13:02 Europe/Berlin] === FINAL ===
[27-Mar-2026 21:13:02 Europe/Berlin] Subtotal: 42500000, Tax: 0, Total: 42500000
[27-Mar-2026 21:13:02 Europe/Berlin] Items to save: Array
(
    [0] => Array
        (
            [item] => wheel stearing
            [desc] => wheel
            [um] => pcs
            [qty] => 5
            [rate] => 8500000
            [total] => 42500000
        )

)

[27-Mar-2026 21:13:02 Europe/Berlin] Columns in quotations: Array
(
    [0] => id
    [1] => customer_id
    [2] => quotation_number
    [3] => job_card_id
    [4] => customer_name
    [5] => telephone
    [6] => email
    [7] => vehicle_model
    [8] => reg_no
    [9] => chassis_no
    [10] => odo_reading
    [11] => subtotal
    [12] => vat_amount
    [13] => service_fee
    [14] => total_amount
    [15] => status
    [16] => invoice_number
    [17] => converted_to_invoice_at
    [18] => authorized
    [19] => customer_signature_name
    [20] => customer_signature_date
    [21] => prepared_by
    [22] => prepared_date
    [23] => created_by
    [24] => created_at
    [25] => approved_at
    [26] => approved_by
    [27] => invoiced
    [28] => invoice_id
    [29] => quotation_date
    [30] => vehicle_reg
    [31] => tax
    [32] => notes
    [33] => customer_type
    [34] => company_name
    [35] => tin
    [36] => amount
)

[27-Mar-2026 21:13:02 Europe/Berlin] INSERT SQL: INSERT INTO quotations (quotation_number, customer_id, quotation_date, vehicle_reg, vehicle_model, chassis_no, odo_reading, subtotal, tax, total_amount, notes, created_by, status, customer_type, company_name, tin) VALUES (?, ?, ?, ?, ?, ?, ?, ?, ?, ?, ?, ?, ?, ?, ?, ?)
[27-Mar-2026 21:13:02 Europe/Berlin] INSERT VALUES: Array
(
    [0] => QTN-2026-0019
    [1] => 2
    [2] => 2026-03-27
    [3] => UA 777BC
    [4] => BMW
    [5] => RE78967877009D567
    [6] => 156 7
    [7] => 42500000
    [8] => 0
    [9] => 42500000
    [10] => 
    [11] => 1
    [12] => draft
    [13] => individual
    [14] => 
    [15] => 
)

[27-Mar-2026 21:13:02 Europe/Berlin] INSERT affected rows: 1
[27-Mar-2026 21:13:02 Europe/Berlin] QUOTATION INSERT SQL: INSERT INTO quotations (quotation_number, customer_id, quotation_date, vehicle_reg, vehicle_model, chassis_no, odo_reading, subtotal, tax, total_amount, notes, created_by, status, customer_type, company_name, tin) VALUES (?, ?, ?, ?, ?, ?, ?, ?, ?, ?, ?, ?, ?, ?, ?, ?)
[27-Mar-2026 21:13:02 Europe/Berlin] QUOTATION INSERT PARAMS: Array
(
    [0] => QTN-2026-0019
    [1] => 2
    [2] => 2026-03-27
    [3] => UA 777BC
    [4] => BMW
    [5] => RE78967877009D567
    [6] => 156 7
    [7] => 42500000
    [8] => 0
    [9] => 42500000
    [10] => 
    [11] => 1
    [12] => draft
    [13] => individual
    [14] => 
    [15] => 
)

[27-Mar-2026 21:13:02 Europe/Berlin] Commit successful for quotation ID: 49, total: 42500000
[28-Mar-2026 04:06:30 Europe/Berlin] Raw item_names: Array
(
    [0] => wheel
)

[28-Mar-2026 04:06:30 Europe/Berlin] Raw qtys: Array
(
    [0] => 40
)

[28-Mar-2026 04:06:30 Europe/Berlin] Raw rates: Array
(
    [0] => 5500000
)

[28-Mar-2026 04:06:30 Europe/Berlin] Item 0: name='wheel', qty=40, rate=5500000
[28-Mar-2026 04:06:30 Europe/Berlin] Item 0 ACCEPTED. subtotal now = 220000000
[28-Mar-2026 04:06:30 Europe/Berlin] === FINAL ===
[28-Mar-2026 04:06:30 Europe/Berlin] Subtotal: 220000000, Tax: 0, Total: 220000000
[28-Mar-2026 04:06:30 Europe/Berlin] Items to save: Array
(
    [0] => Array
        (
            [item] => wheel
            [desc] => steering wheel
            [um] => pcs
            [qty] => 40
            [rate] => 5500000
            [total] => 220000000
        )

)

[28-Mar-2026 04:06:30 Europe/Berlin] Columns in quotations: Array
(
    [0] => id
    [1] => customer_id
    [2] => quotation_number
    [3] => job_card_id
    [4] => customer_name
    [5] => telephone
    [6] => email
    [7] => vehicle_model
    [8] => reg_no
    [9] => chassis_no
    [10] => odo_reading
    [11] => subtotal
    [12] => vat_amount
    [13] => service_fee
    [14] => total_amount
    [15] => status
    [16] => invoice_number
    [17] => converted_to_invoice_at
    [18] => authorized
    [19] => customer_signature_name
    [20] => customer_signature_date
    [21] => prepared_by
    [22] => prepared_date
    [23] => created_by
    [24] => created_at
    [25] => approved_at
    [26] => approved_by
    [27] => invoiced
    [28] => invoice_id
    [29] => quotation_date
    [30] => vehicle_reg
    [31] => tax
    [32] => notes
    [33] => customer_type
    [34] => company_name
    [35] => tin
    [36] => amount
)

[28-Mar-2026 04:06:30 Europe/Berlin] INSERT SQL: INSERT INTO quotations (quotation_number, customer_id, quotation_date, vehicle_reg, vehicle_model, chassis_no, odo_reading, subtotal, tax, total_amount, notes, created_by, status, customer_type, company_name, tin) VALUES (?, ?, ?, ?, ?, ?, ?, ?, ?, ?, ?, ?, ?, ?, ?, ?)
[28-Mar-2026 04:06:30 Europe/Berlin] INSERT VALUES: Array
(
    [0] => QTN-2026-0020
    [1] => 24
    [2] => 2026-03-28
    [3] => UA 777BC
    [4] => Royal
    [5] => QW534355453BSGFT4
    [6] => 900000
    [7] => 220000000
    [8] => 0
    [9] => 220000000
    [10] => 
    [11] => 1
    [12] => draft
    [13] => individual
    [14] => 
    [15] => 
)

[28-Mar-2026 04:06:30 Europe/Berlin] INSERT affected rows: 1
[28-Mar-2026 04:06:30 Europe/Berlin] QUOTATION INSERT SQL: INSERT INTO quotations (quotation_number, customer_id, quotation_date, vehicle_reg, vehicle_model, chassis_no, odo_reading, subtotal, tax, total_amount, notes, created_by, status, customer_type, company_name, tin) VALUES (?, ?, ?, ?, ?, ?, ?, ?, ?, ?, ?, ?, ?, ?, ?, ?)
[28-Mar-2026 04:06:30 Europe/Berlin] QUOTATION INSERT PARAMS: Array
(
    [0] => QTN-2026-0020
    [1] => 24
    [2] => 2026-03-28
    [3] => UA 777BC
    [4] => Royal
    [5] => QW534355453BSGFT4
    [6] => 900000
    [7] => 220000000
    [8] => 0
    [9] => 220000000
    [10] => 
    [11] => 1
    [12] => draft
    [13] => individual
    [14] => 
    [15] => 
)

[28-Mar-2026 04:06:30 Europe/Berlin] Commit successful for quotation ID: 50, total: 220000000
[28-Mar-2026 05:43:58 Europe/Berlin] INSERT VALUES: Array
(
    [0] => QTN-2026-0026
    [1] => 42
    [2] => 2026-03-28
    [3] => UA 657KR
    [4] => E CLASS
    [5] => RE78967877009D567
    [6] => 340 0
    [7] => 7500000
    [8] => 0
    [9] => 7500000
    [10] => 
    [11] => 1
    [12] => draft
    [13] => individual
    [14] => 
    [15] => 
)

[28-Mar-2026 06:13:32 Europe/Berlin] INSERT VALUES: Array
(
    [0] => QTN-2026-0027
    [1] => 43
    [2] => Chris Baryomusi
    [3] => 2026-03-28
    [4] => UA 876BN
    [5] => 
    [6] => GH767736365H76788V
    [7] => 
    [8] => 25000000
    [9] => 0
    [10] => 25000000
    [11] => 0
    [12] => 0
    [13] => 
    [14] => 1
    [15] => draft
    [16] => individual
    [17] => 
    [18] => 
)

[28-Mar-2026 06:14:54 Europe/Berlin] INSERT VALUES: Array
(
    [0] => QTN-2026-0028
    [1] => 27
    [2] => paul
    [3] => 2026-03-28
    [4] => UA 777BC
    [5] => mini vani
    [6] => QW534355453BSGFT4
    [7] => 340 0
    [8] => 5600000
    [9] => 0
    [10] => 5600000
    [11] => 0
    [12] => 0
    [13] => 
    [14] => 1
    [15] => draft
    [16] => individual
    [17] => 
    [18] => 
)

[28-Mar-2026 06:27:06 Europe/Berlin] INSERT VALUES: Array
(
    [0] => QTN-2026-0029
    [1] => 27
    [2] => paul
    [3] => 2026-03-28
    [4] => UA 777BC
    [5] => mini vani
    [6] => QW534355453BSGFT4
    [7] => 340 0
    [8] => 450000
    [9] => 0
    [10] => 450000
    [11] => 0
    [12] => 0
    [13] => 
    [14] => 1
    [15] => draft
    [16] => individual
    [17] => 
    [18] => 
)

[28-Mar-2026 06:41:23 Europe/Berlin] INSERT VALUES: Array
(
    [0] => QTN-2026-0030
    [1] => 29
    [2] => paul
    [3] => 2026-03-28
    [4] => UB 711GH
    [5] => Royal
    [6] => RE78967877009D567
    [7] => 156 7
    [8] => 7800000
    [9] => 0
    [10] => 7800000
    [11] => 
    [12] => 1
    [13] => draft
    [14] => individual
    [15] => 
    [16] => 
)

[28-Mar-2026 06:45:24 Europe/Berlin] PHP Warning:  Undefined variable $sql in C:\xampp\htdocs\savant\views\new_quotation.php on line 159
[28-Mar-2026 06:45:24 Europe/Berlin] INSERT SQL: 
[28-Mar-2026 06:45:24 Europe/Berlin] INSERT VALUES: Array
(
    [0] => QTN-2026-0031
    [1] => 29
    [2] => paul
    [3] => 2026-03-28
    [4] => UB 711GH
    [5] => Royal
    [6] => RE78967877009D567
    [7] => 156 7
    [8] => 7800000
    [9] => 0
    [10] => 7800000
    [11] => 
    [12] => 1
    [13] => draft
    [14] => individual
    [15] => 
    [16] => 
)

[28-Mar-2026 06:59:16 Europe/Berlin] INSERT SQL: INSERT INTO quotations (quotation_number, customer_id, customer_name, quotation_date, vehicle_reg, vehicle_model, chassis_no, odo_reading, subtotal, tax, total_amount, notes, created_by, status, customer_type, company_name, tin, vat_amount, service_fee) VALUES (?, ?, ?, ?, ?, ?, ?, ?, ?, ?, ?, ?, ?, ?, ?, ?, ?, ?, ?)
[28-Mar-2026 06:59:16 Europe/Berlin] INSERT VALUES: Array
(
    [0] => QTN-2026-0032
    [1] => 29
    [2] => paul
    [3] => 2026-03-28
    [4] => UB 711GH
    [5] => Royal
    [6] => RE78967877009D567
    [7] => 156 7
    [8] => 98000000
    [9] => 0
    [10] => 98000000
    [11] => 
    [12] => 1
    [13] => draft
    [14] => individual
    [15] => 
    [16] => 
    [17] => 0
    [18] => 0
)

[28-Mar-2026 06:59:16 Europe/Berlin] Commit successful for quotation ID: 62, total: 98000000
[28-Mar-2026 07:16:27 Europe/Berlin] INSERT SQL: INSERT INTO quotations (quotation_number, customer_id, customer_name, quotation_date, vehicle_reg, vehicle_model, chassis_no, odo_reading, subtotal, tax, total_amount, notes, created_by, status, customer_type, company_name, tin, vat_amount, service_fee) VALUES (?, ?, ?, ?, ?, ?, ?, ?, ?, ?, ?, ?, ?, ?, ?, ?, ?, ?, ?)
[28-Mar-2026 07:16:27 Europe/Berlin] INSERT VALUES: Array
(
    [0] => QTN-2026-0033
    [1] => 24
    [2] => paul
    [3] => 2026-03-28
    [4] => UB 711GH
    [5] => G wagon
    [6] => RE78967877009D567
    [7] => 340 0
    [8] => 10000000
    [9] => 0
    [10] => 10000000
    [11] => 
    [12] => 1
    [13] => draft
    [14] => individual
    [15] => 
    [16] => 
    [17] => 0
    [18] => 0
)

[28-Mar-2026 07:16:27 Europe/Berlin] Commit successful for quotation ID: 63, total: 10000000
[28-Mar-2026 07:17:48 Europe/Berlin] INSERT SQL: INSERT INTO quotations (quotation_number, customer_id, customer_name, quotation_date, vehicle_reg, vehicle_model, chassis_no, odo_reading, subtotal, tax, total_amount, notes, created_by, status, customer_type, company_name, tin, vat_amount, service_fee) VALUES (?, ?, ?, ?, ?, ?, ?, ?, ?, ?, ?, ?, ?, ?, ?, ?, ?, ?, ?)
[28-Mar-2026 07:17:48 Europe/Berlin] INSERT VALUES: Array
(
    [0] => QTN-2026-0034
    [1] => 30
    [2] => paul
    [3] => 2026-03-28
    [4] => UA 876BN
    [5] => Royal
    [6] => RE78967877009D567
    [7] => 565 66
    [8] => 12000000
    [9] => 0
    [10] => 12000000
    [11] => 
    [12] => 1
    [13] => draft
    [14] => individual
    [15] => 
    [16] => 
    [17] => 0
    [18] => 0
)

[28-Mar-2026 07:17:48 Europe/Berlin] Commit successful for quotation ID: 64, total: 12000000
[28-Mar-2026 07:48:56 Europe/Berlin] INSERT SQL: INSERT INTO quotations (quotation_number, customer_id, customer_name, quotation_date, vehicle_reg, vehicle_model, chassis_no, odo_reading, subtotal, tax, total_amount, notes, created_by, status, customer_type, company_name, tin, vat_amount, service_fee) VALUES (?, ?, ?, ?, ?, ?, ?, ?, ?, ?, ?, ?, ?, ?, ?, ?, ?, ?, ?)
[28-Mar-2026 07:48:56 Europe/Berlin] INSERT VALUES: Array
(
    [0] => QTN-2026-0035
    [1] => 21
    [2] => John Makubuya
    [3] => 2026-03-28
    [4] => UA 657KR
    [5] => mini vani
    [6] => GH767736365H76788V
    [7] => 890000
    [8] => 8500000
    [9] => 0
    [10] => 8500000
    [11] => 
    [12] => 1
    [13] => draft
    [14] => individual
    [15] => 
    [16] => 
    [17] => 0
    [18] => 0
)

[28-Mar-2026 07:48:56 Europe/Berlin] Commit successful for quotation ID: 65, total: 8500000
[04-Apr-2026 14:19:36 Europe/Berlin] INSERT SQL: INSERT INTO quotations (quotation_number, customer_id, quotation_date, vehicle_reg, vehicle_model, chassis_no, odo_reading, subtotal, tax, total_amount, notes, created_by, status, customer_type, company_name, tin, valid_until, discount) VALUES (?, ?, ?, ?, ?, ?, ?, ?, ?, ?, ?, ?, ?, ?, ?, ?, ?, ?)
[04-Apr-2026 14:19:36 Europe/Berlin] INSERT VALUES: Array
(
    [0] => QTN-2026-0001
    [1] => 2
    [2] => 2026-04-04
    [3] => UA 567DB
    [4] => G- Wagon
    [5] => GW2653636356353653
    [6] => 80000
    [7] => 9000000
    [8] => 0
    [9] => 9000000
    [10] => 
    [11] => 1
    [12] => draft
    [13] => individual
    [14] => 
    [15] => 
    [16] => 
    [17] => 0
)

[04-Apr-2026 14:19:36 Europe/Berlin] Quotation save error: SQLSTATE[42S22]: Column not found: 1054 Unknown column 'chassis_no' in 'field list'
[04-Apr-2026 14:24:27 Europe/Berlin] INSERT SQL: INSERT INTO quotations (quotation_number, customer_id, quotation_date, vehicle_reg, vehicle_model, chassis_no, odo_reading, subtotal, tax, total_amount, notes, created_by, status, customer_type, company_name, tin, valid_until, discount) VALUES (?, ?, ?, ?, ?, ?, ?, ?, ?, ?, ?, ?, ?, ?, ?, ?, ?, ?)
[04-Apr-2026 14:24:27 Europe/Berlin] INSERT VALUES: Array
(
    [0] => QTN-2026-0001
    [1] => 2
    [2] => 2026-04-04
    [3] => UA 567DB
    [4] => G- Wagon
    [5] => GW2653636356353653
    [6] => 80000
    [7] => 9000000
    [8] => 0
    [9] => 9000000
    [10] => 
    [11] => 1
    [12] => draft
    [13] => individual
    [14] => 
    [15] => 
    [16] => 
    [17] => 0
)

[04-Apr-2026 14:24:27 Europe/Berlin] Quotation save error: SQLSTATE[42S22]: Column not found: 1054 Unknown column 'chassis_no' in 'field list'
[04-Apr-2026 14:24:34 Europe/Berlin] INSERT SQL: INSERT INTO quotations (quotation_number, customer_id, quotation_date, vehicle_reg, vehicle_model, chassis_no, odo_reading, subtotal, tax, total_amount, notes, created_by, status, customer_type, company_name, tin, valid_until, discount) VALUES (?, ?, ?, ?, ?, ?, ?, ?, ?, ?, ?, ?, ?, ?, ?, ?, ?, ?)
[04-Apr-2026 14:24:34 Europe/Berlin] INSERT VALUES: Array
(
    [0] => QTN-2026-0001
    [1] => 2
    [2] => 2026-04-04
    [3] => UA 567DB
    [4] => G- Wagon
    [5] => GW2653636356353653
    [6] => 80000
    [7] => 9000000
    [8] => 0
    [9] => 9000000
    [10] => 
    [11] => 1
    [12] => draft
    [13] => individual
    [14] => 
    [15] => 
    [16] => 
    [17] => 0
)

[04-Apr-2026 14:24:34 Europe/Berlin] Quotation save error: SQLSTATE[42S22]: Column not found: 1054 Unknown column 'chassis_no' in 'field list'
[04-Apr-2026 14:25:18 Europe/Berlin] INSERT SQL: INSERT INTO quotations (quotation_number, customer_id, quotation_date, vehicle_reg, vehicle_model, chassis_no, odo_reading, subtotal, tax, total_amount, notes, created_by, status, customer_type, company_name, tin, valid_until, discount) VALUES (?, ?, ?, ?, ?, ?, ?, ?, ?, ?, ?, ?, ?, ?, ?, ?, ?, ?)
[04-Apr-2026 14:25:18 Europe/Berlin] INSERT VALUES: Array
(
    [0] => QTN-2026-0001
    [1] => 2
    [2] => 2026-04-04
    [3] => UA 567DB
    [4] => G- Wagon
    [5] => GW2653636356353653
    [6] => 80000
    [7] => 9000000
    [8] => 0
    [9] => 9000000
    [10] => 
    [11] => 1
    [12] => draft
    [13] => individual
    [14] => 
    [15] => 
    [16] => 
    [17] => 0
)

[04-Apr-2026 14:25:18 Europe/Berlin] Quotation save error: SQLSTATE[42S22]: Column not found: 1054 Unknown column 'chassis_no' in 'field list'
[04-Apr-2026 14:25:25 Europe/Berlin] INSERT SQL: INSERT INTO quotations (quotation_number, customer_id, quotation_date, vehicle_reg, vehicle_model, chassis_no, odo_reading, subtotal, tax, total_amount, notes, created_by, status, customer_type, company_name, tin, valid_until, discount) VALUES (?, ?, ?, ?, ?, ?, ?, ?, ?, ?, ?, ?, ?, ?, ?, ?, ?, ?)
[04-Apr-2026 14:25:25 Europe/Berlin] INSERT VALUES: Array
(
    [0] => QTN-2026-0001
    [1] => 2
    [2] => 2026-04-04
    [3] => UA 567DB
    [4] => G- Wagon
    [5] => GW2653636356353653
    [6] => 80000
    [7] => 9000000
    [8] => 0
    [9] => 9000000
    [10] => 
    [11] => 1
    [12] => draft
    [13] => individual
    [14] => 
    [15] => 
    [16] => 
    [17] => 0
)

[04-Apr-2026 14:25:25 Europe/Berlin] Quotation save error: SQLSTATE[42S22]: Column not found: 1054 Unknown column 'chassis_no' in 'field list'
[04-Apr-2026 14:26:19 Europe/Berlin] INSERT SQL: INSERT INTO quotations (quotation_number, customer_id, quotation_date, vehicle_reg, vehicle_model, chassis_no, odo_reading, subtotal, tax, total_amount, notes, created_by, status, customer_type, company_name, tin, valid_until, discount) VALUES (?, ?, ?, ?, ?, ?, ?, ?, ?, ?, ?, ?, ?, ?, ?, ?, ?, ?)
[04-Apr-2026 14:26:19 Europe/Berlin] INSERT VALUES: Array
(
    [0] => QTN-2026-0001
    [1] => 2
    [2] => 2026-04-04
    [3] => UA 567DB
    [4] => G- Wagon
    [5] => GW2653636356353653
    [6] => 80000
    [7] => 9000000
    [8] => 0
    [9] => 9000000
    [10] => 
    [11] => 1
    [12] => draft
    [13] => individual
    [14] => 
    [15] => 
    [16] => 
    [17] => 0
)

[04-Apr-2026 14:26:19 Europe/Berlin] Quotation save error: SQLSTATE[42S22]: Column not found: 1054 Unknown column 'chassis_no' in 'field list'
[04-Apr-2026 14:27:06 Europe/Berlin] INSERT SQL: INSERT INTO quotations (quotation_number, customer_id, quotation_date, vehicle_reg, vehicle_model, chassis_no, odo_reading, subtotal, tax, total_amount, notes, created_by, status, customer_type, company_name, tin, valid_until, discount) VALUES (?, ?, ?, ?, ?, ?, ?, ?, ?, ?, ?, ?, ?, ?, ?, ?, ?, ?)
[04-Apr-2026 14:27:06 Europe/Berlin] INSERT VALUES: Array
(
    [0] => QTN-2026-0001
    [1] => 2
    [2] => 2026-04-04
    [3] => UA 567DB
    [4] => G- Wagon
    [5] => GW2653636356353653
    [6] => 80000
    [7] => 9000000
    [8] => 0
    [9] => 9000000
    [10] => 
    [11] => 1
    [12] => draft
    [13] => individual
    [14] => 
    [15] => 
    [16] => 
    [17] => 0
)

[04-Apr-2026 14:27:06 Europe/Berlin] Quotation save error: SQLSTATE[42S22]: Column not found: 1054 Unknown column 'chassis_no' in 'field list'
[04-Apr-2026 14:27:19 Europe/Berlin] INSERT SQL: INSERT INTO quotations (quotation_number, customer_id, quotation_date, vehicle_reg, vehicle_model, chassis_no, odo_reading, subtotal, tax, total_amount, notes, created_by, status, customer_type, company_name, tin, valid_until, discount) VALUES (?, ?, ?, ?, ?, ?, ?, ?, ?, ?, ?, ?, ?, ?, ?, ?, ?, ?)
[04-Apr-2026 14:27:19 Europe/Berlin] INSERT VALUES: Array
(
    [0] => QTN-2026-0001
    [1] => 2
    [2] => 2026-04-04
    [3] => UA 567DB
    [4] => G- Wagon
    [5] => GW2653636356353653
    [6] => 80000
    [7] => 9000000
    [8] => 0
    [9] => 9000000
    [10] => 
    [11] => 1
    [12] => draft
    [13] => individual
    [14] => 
    [15] => 
    [16] => 
    [17] => 0
)

[04-Apr-2026 14:27:19 Europe/Berlin] Quotation save error: SQLSTATE[42S22]: Column not found: 1054 Unknown column 'chassis_no' in 'field list'
[04-Apr-2026 14:28:01 Europe/Berlin] INSERT SQL: INSERT INTO quotations (quotation_number, customer_id, quotation_date, vehicle_reg, vehicle_model, chassis_no, odo_reading, subtotal, tax, total_amount, notes, created_by, status, customer_type, company_name, tin, valid_until, discount) VALUES (?, ?, ?, ?, ?, ?, ?, ?, ?, ?, ?, ?, ?, ?, ?, ?, ?, ?)
[04-Apr-2026 14:28:01 Europe/Berlin] INSERT VALUES: Array
(
    [0] => QTN-2026-0001
    [1] => 2
    [2] => 2026-04-04
    [3] => UA 567DB
    [4] => G- Wagon
    [5] => GW2653636356353653
    [6] => 80000
    [7] => 9000000
    [8] => 0
    [9] => 9000000
    [10] => 
    [11] => 1
    [12] => draft
    [13] => individual
    [14] => 
    [15] => 
    [16] => 
    [17] => 0
)

[04-Apr-2026 14:28:01 Europe/Berlin] Quotation save error: SQLSTATE[42S22]: Column not found: 1054 Unknown column 'chassis_no' in 'field list'
[04-Apr-2026 14:29:28 Europe/Berlin] INSERT SQL: INSERT INTO quotations (quotation_number, customer_id, quotation_date, vehicle_reg, vehicle_model, chassis_no, odo_reading, subtotal, tax, total_amount, notes, created_by, status, customer_type, company_name, tin, valid_until, discount) VALUES (?, ?, ?, ?, ?, ?, ?, ?, ?, ?, ?, ?, ?, ?, ?, ?, ?, ?)
[04-Apr-2026 14:29:28 Europe/Berlin] INSERT VALUES: Array
(
    [0] => QTN-2026-0001
    [1] => 2
    [2] => 2026-04-04
    [3] => UA 698HG
    [4] => Mini Van
    [5] => DL4576782688JD478
    [6] => 80000
    [7] => 900000
    [8] => 0
    [9] => 900000
    [10] => 
    [11] => 1
    [12] => draft
    [13] => individual
    [14] => 
    [15] => 
    [16] => 
    [17] => 0
)

[04-Apr-2026 14:29:28 Europe/Berlin] Quotation save error: SQLSTATE[42S22]: Column not found: 1054 Unknown column 'chassis_no' in 'field list'
[04-Apr-2026 14:30:15 Europe/Berlin] INSERT SQL: INSERT INTO quotations (quotation_number, customer_id, quotation_date, vehicle_reg, vehicle_model, chassis_no, odo_reading, subtotal, tax, total_amount, notes, created_by, status, customer_type, company_name, tin, valid_until, discount) VALUES (?, ?, ?, ?, ?, ?, ?, ?, ?, ?, ?, ?, ?, ?, ?, ?, ?, ?)
[04-Apr-2026 14:30:15 Europe/Berlin] INSERT VALUES: Array
(
    [0] => QTN-2026-0001
    [1] => 2
    [2] => 2026-04-04
    [3] => UA 698HG
    [4] => Mini Van
    [5] => DL4576782688JD478
    [6] => 80000
    [7] => 900000
    [8] => 0
    [9] => 900000
    [10] => 
    [11] => 1
    [12] => draft
    [13] => individual
    [14] => 
    [15] => 
    [16] => 
    [17] => 0
)

[04-Apr-2026 14:30:15 Europe/Berlin] Quotation save error: SQLSTATE[42S22]: Column not found: 1054 Unknown column 'chassis_no' in 'field list'
[04-Apr-2026 14:30:29 Europe/Berlin] INSERT SQL: INSERT INTO quotations (quotation_number, customer_id, quotation_date, vehicle_reg, vehicle_model, chassis_no, odo_reading, subtotal, tax, total_amount, notes, created_by, status, customer_type, company_name, tin, valid_until, discount) VALUES (?, ?, ?, ?, ?, ?, ?, ?, ?, ?, ?, ?, ?, ?, ?, ?, ?, ?)
[04-Apr-2026 14:30:29 Europe/Berlin] INSERT VALUES: Array
(
    [0] => QTN-2026-0001
    [1] => 2
    [2] => 2026-04-04
    [3] => UA 698HG
    [4] => Mini Van
    [5] => DL4576782688JD478
    [6] => 80000
    [7] => 9000000
    [8] => 0
    [9] => 9000000
    [10] => 
    [11] => 1
    [12] => draft
    [13] => individual
    [14] => 
    [15] => 
    [16] => 
    [17] => 0
)

[04-Apr-2026 14:30:29 Europe/Berlin] Quotation save error: SQLSTATE[42S22]: Column not found: 1054 Unknown column 'chassis_no' in 'field list'
[04-Apr-2026 14:34:23 Europe/Berlin] INSERT SQL: INSERT INTO quotations (quotation_number, customer_id, quotation_date, vehicle_reg, vehicle_model, chassis_no, odo_reading, subtotal, tax, total_amount, notes, created_by, status, customer_type, company_name, tin, valid_until, discount) VALUES (?, ?, ?, ?, ?, ?, ?, ?, ?, ?, ?, ?, ?, ?, ?, ?, ?, ?)
[04-Apr-2026 14:34:23 Europe/Berlin] INSERT VALUES: Array
(
    [0] => QTN-2026-0001
    [1] => 2
    [2] => 2026-04-04
    [3] => UA 567DB
    [4] => G-wagon
    [5] => GW2653636356353653
    [6] => 98670
    [7] => 9000000
    [8] => 0
    [9] => 9000000
    [10] => 
    [11] => 1
    [12] => draft
    [13] => individual
    [14] => 
    [15] => 
    [16] => 
    [17] => 0
)

[04-Apr-2026 14:34:23 Europe/Berlin] Quotation save error: SQLSTATE[42S22]: Column not found: 1054 Unknown column 'chassis_no' in 'field list'
[04-Apr-2026 14:51:23 Europe/Berlin] INSERT SQL: INSERT INTO quotations (quotation_number, customer_id, quotation_date, vehicle_reg, vehicle_model, chassis_no, odo_reading, subtotal, tax, total_amount, notes, created_by, status, customer_type, company_name, tin, valid_until, discount) VALUES (?, ?, ?, ?, ?, ?, ?, ?, ?, ?, ?, ?, ?, ?, ?, ?, ?, ?)
[04-Apr-2026 14:51:23 Europe/Berlin] INSERT VALUES: Array
(
    [0] => QTN-2026-0001
    [1] => 3
    [2] => 2026-04-04
    [3] => UBD 012D
    [4] => Mini Van
    [5] => DL4576782688JD478
    [6] => 800090
    [7] => 9900000
    [8] => 0
    [9] => 9900000
    [10] => 
    [11] => 1
    [12] => draft
    [13] => individual
    [14] => 
    [15] => 
    [16] => 
    [17] => 0
)

[04-Apr-2026 14:51:23 Europe/Berlin] Quotation save error: SQLSTATE[42S22]: Column not found: 1054 Unknown column 'chassis_no' in 'field list'
[04-Apr-2026 14:59:54 Europe/Berlin] INSERT SQL: INSERT INTO quotations (quotation_number, customer_id, quotation_date, vehicle_reg, vehicle_model, chassis_no, odo_reading, subtotal, tax, total_amount, notes, created_by, status, customer_type, company_name, tin, valid_until, discount) VALUES (?, ?, ?, ?, ?, ?, ?, ?, ?, ?, ?, ?, ?, ?, ?, ?, ?, ?)
[04-Apr-2026 14:59:54 Europe/Berlin] INSERT VALUES: Array
(
    [0] => QTN-2026-0001
    [1] => 3
    [2] => 2026-04-04
    [3] => UBD 012D
    [4] => Mini Van
    [5] => DL4576782688JD478
    [6] => 800090
    [7] => 9900000
    [8] => 0
    [9] => 9900000
    [10] => 
    [11] => 1
    [12] => draft
    [13] => individual
    [14] => 
    [15] => 
    [16] => 
    [17] => 0
)

[04-Apr-2026 14:59:54 Europe/Berlin] Quotation save error: SQLSTATE[42S22]: Column not found: 1054 Unknown column 'chassis_no' in 'field list'
[04-Apr-2026 15:03:43 Europe/Berlin] INSERT SQL: INSERT INTO quotations (quotation_number, customer_id, quotation_date, vehicle_reg, vehicle_model, chassis_no, odo_reading, subtotal, tax, total_amount, notes, created_by, status, customer_type, company_name, tin, valid_until, discount) VALUES (?, ?, ?, ?, ?, ?, ?, ?, ?, ?, ?, ?, ?, ?, ?, ?, ?, ?)
[04-Apr-2026 15:03:43 Europe/Berlin] INSERT VALUES: Array
(
    [0] => QTN-2026-0001
    [1] => 3
    [2] => 2026-04-04
    [3] => UBD 012D
    [4] => Mini Van
    [5] => DL4576782688JD478
    [6] => 800090
    [7] => 9900000
    [8] => 0
    [9] => 9900000
    [10] => 
    [11] => 1
    [12] => draft
    [13] => individual
    [14] => 
    [15] => 
    [16] => 
    [17] => 0
)

[04-Apr-2026 15:03:43 Europe/Berlin] Quotation save error: SQLSTATE[42S22]: Column not found: 1054 Unknown column 'chassis_no' in 'field list'
[04-Apr-2026 15:41:13 Europe/Berlin] INSERT SQL: INSERT INTO quotations (quotation_number, customer_id, quotation_date, vehicle_reg, vehicle_model, chassis_no, odo_reading, subtotal, tax, total_amount, notes, created_by, status, customer_type, company_name, tin, valid_until, discount) VALUES (?, ?, ?, ?, ?, ?, ?, ?, ?, ?, ?, ?, ?, ?, ?, ?, ?, ?)
[04-Apr-2026 15:41:13 Europe/Berlin] INSERT VALUES: Array
(
    [0] => QTN-2026-0001
    [1] => 3
    [2] => 2026-04-04
    [3] => UA 698HG
    [4] => Mini Van
    [5] => DL4576782688JD478
    [6] => 98670
    [7] => 1000000
    [8] => 0
    [9] => 1000000
    [10] => 
    [11] => 1
    [12] => draft
    [13] => individual
    [14] => 
    [15] => 
    [16] => 
    [17] => 0
)

[04-Apr-2026 15:41:13 Europe/Berlin] Quotation save error: SQLSTATE[42S22]: Column not found: 1054 Unknown column 'odo_reading' in 'field list'
[04-Apr-2026 15:42:51 Europe/Berlin] INSERT SQL: INSERT INTO quotations (quotation_number, customer_id, quotation_date, vehicle_reg, vehicle_model, chassis_no, odo_reading, subtotal, tax, total_amount, notes, created_by, status, customer_type, company_name, tin, valid_until, discount) VALUES (?, ?, ?, ?, ?, ?, ?, ?, ?, ?, ?, ?, ?, ?, ?, ?, ?, ?)
[04-Apr-2026 15:42:51 Europe/Berlin] INSERT VALUES: Array
(
    [0] => QTN-2026-0001
    [1] => 3
    [2] => 2026-04-04
    [3] => UA 698HG
    [4] => Mini Van
    [5] => DL4576782688JD478
    [6] => 98670
    [7] => 1000000
    [8] => 0
    [9] => 1000000
    [10] => 
    [11] => 1
    [12] => draft
    [13] => individual
    [14] => 
    [15] => 
    [16] => 
    [17] => 0
)

[04-Apr-2026 15:42:51 Europe/Berlin] Quotation save error: SQLSTATE[42S02]: Base table or view not found: 1146 Table 'savant_motors_pos.quotation_items' doesn't exist
[04-Apr-2026 15:44:20 Europe/Berlin] INSERT SQL: INSERT INTO quotations (quotation_number, customer_id, quotation_date, vehicle_reg, vehicle_model, chassis_no, odo_reading, subtotal, tax, total_amount, notes, created_by, status, customer_type, company_name, tin, valid_until, discount) VALUES (?, ?, ?, ?, ?, ?, ?, ?, ?, ?, ?, ?, ?, ?, ?, ?, ?, ?)
[04-Apr-2026 15:44:20 Europe/Berlin] INSERT VALUES: Array
(
    [0] => QTN-2026-0001
    [1] => 3
    [2] => 2026-04-04
    [3] => UA 698HG
    [4] => Mini Van
    [5] => DL4576782688JD478
    [6] => 98670
    [7] => 1000000
    [8] => 0
    [9] => 1000000
    [10] => 
    [11] => 1
    [12] => draft
    [13] => individual
    [14] => 
    [15] => 
    [16] => 
    [17] => 0
)

[04-Apr-2026 15:44:20 Europe/Berlin] Commit successful for quotation ID: 2, total: 1000000
[04-Apr-2026 15:59:52 Europe/Berlin] INSERT SQL: INSERT INTO quotations (quotation_number, customer_id, quotation_date, vehicle_reg, vehicle_model, chassis_no, odo_reading, subtotal, tax, total_amount, notes, created_by, status, customer_type, company_name, tin, valid_until, discount) VALUES (?, ?, ?, ?, ?, ?, ?, ?, ?, ?, ?, ?, ?, ?, ?, ?, ?, ?)
[04-Apr-2026 15:59:52 Europe/Berlin] INSERT VALUES: Array
(
    [0] => QTN-2026-0002
    [1] => 3
    [2] => 2026-04-04
    [3] => UA 698HG
    [4] => Mini Van
    [5] => DL4576782688JD478
    [6] => 98670
    [7] => 10080000
    [8] => 0
    [9] => 10080000
    [10] => 
    [11] => 1
    [12] => draft
    [13] => individual
    [14] => 
    [15] => 
    [16] => 
    [17] => 0
)

[04-Apr-2026 15:59:52 Europe/Berlin] Commit successful for quotation ID: 3, total: 10080000
[04-Apr-2026 16:07:08 Europe/Berlin] INSERT SQL: INSERT INTO quotations (quotation_number, customer_id, quotation_date, vehicle_reg, vehicle_model, chassis_no, odo_reading, subtotal, tax, total_amount, notes, created_by, status, customer_type, company_name, tin, valid_until, discount) VALUES (?, ?, ?, ?, ?, ?, ?, ?, ?, ?, ?, ?, ?, ?, ?, ?, ?, ?)
[04-Apr-2026 16:07:08 Europe/Berlin] INSERT VALUES: Array
(
    [0] => QTN-2026-0001
    [1] => 3
    [2] => 2026-04-04
    [3] => UA 567DB
    [4] => Mini Van
    [5] => DL4576782688JD478
    [6] => 800090
    [7] => 9000000
    [8] => 0
    [9] => 9000000
    [10] => 
    [11] => 1
    [12] => draft
    [13] => individual
    [14] => 
    [15] => 
    [16] => 
    [17] => 0
)

[04-Apr-2026 16:07:08 Europe/Berlin] Commit successful for quotation ID: 4, total: 9000000
[04-Apr-2026 17:40:41 Europe/Berlin] INSERT SQL: INSERT INTO quotations (quotation_number, customer_id, quotation_date, vehicle_reg, vehicle_model, chassis_no, odo_reading, subtotal, tax, total_amount, notes, created_by, status, customer_type, company_name, tin, valid_until, discount) VALUES (?, ?, ?, ?, ?, ?, ?, ?, ?, ?, ?, ?, ?, ?, ?, ?, ?, ?)
[04-Apr-2026 17:40:41 Europe/Berlin] INSERT VALUES: Array
(
    [0] => QTN-2026-0002
    [1] => 3
    [2] => 2026-04-04
    [3] => UBB 456B
    [4] => Mini Van
    [5] => GW2653636356353653
    [6] => 80000
    [7] => 1100000
    [8] => 0
    [9] => 1100000
    [10] => 
    [11] => 1
    [12] => draft
    [13] => individual
    [14] => 
    [15] => 
    [16] => 
    [17] => 0
)

[04-Apr-2026 17:40:41 Europe/Berlin] Commit successful for quotation ID: 5, total: 1100000
[04-Apr-2026 22:23:28 Europe/Berlin] INSERT SQL: INSERT INTO quotations (quotation_number, customer_id, quotation_date, vehicle_reg, vehicle_model, chassis_no, odo_reading, subtotal, tax, total_amount, notes, created_by, status, customer_type, company_name, tin, valid_until, discount) VALUES (?, ?, ?, ?, ?, ?, ?, ?, ?, ?, ?, ?, ?, ?, ?, ?, ?, ?)
[04-Apr-2026 22:23:28 Europe/Berlin] INSERT VALUES: Array
(
    [0] => QTN-2026-0003
    [1] => 4
    [2] => 2026-04-04
    [3] => UA 698HG
    [4] => E class
    [5] => DL4576782688JD478
    [6] => 6787
    [7] => 2440000
    [8] => 0
    [9] => 2440000
    [10] => 
    [11] => 1
    [12] => draft
    [13] => individual
    [14] => 
    [15] => 
    [16] => 
    [17] => 0
)

[04-Apr-2026 22:23:28 Europe/Berlin] Commit successful for quotation ID: 6, total: 2440000
[05-Apr-2026 02:29:30 Europe/Berlin] INSERT SQL: INSERT INTO quotations (quotation_number, customer_id, quotation_date, vehicle_reg, vehicle_model, chassis_no, odo_reading, subtotal, tax, total_amount, notes, created_by, status, customer_type, company_name, tin, valid_until, discount) VALUES (?, ?, ?, ?, ?, ?, ?, ?, ?, ?, ?, ?, ?, ?, ?, ?, ?, ?)
[05-Apr-2026 02:29:30 Europe/Berlin] INSERT VALUES: Array
(
    [0] => QTN-2026-0004
    [1] => 1
    [2] => 2026-04-05
    [3] => UBA 123A
    [4] => Corolla
    [5] => JTDBE32KX0000001
    [6] => 45200
    [7] => 600000
    [8] => 0
    [9] => 600000
    [10] => 
    [11] => 1
    [12] => draft
    [13] => individual
    [14] => 
    [15] => 
    [16] => 
    [17] => 0
)

[05-Apr-2026 02:29:30 Europe/Berlin] Commit successful for quotation ID: 7, total: 600000
[05-Apr-2026 02:44:24 Europe/Berlin] INSERT SQL: INSERT INTO quotations (quotation_number, customer_id, quotation_date, vehicle_reg, vehicle_model, chassis_no, odo_reading, subtotal, tax, total_amount, notes, created_by, status, customer_type, company_name, tin, valid_until, discount) VALUES (?, ?, ?, ?, ?, ?, ?, ?, ?, ?, ?, ?, ?, ?, ?, ?, ?, ?)
[05-Apr-2026 02:44:24 Europe/Berlin] INSERT VALUES: Array
(
    [0] => QTN-2026-0005
    [1] => 4
    [2] => 2026-04-05
    [3] => UA 698HG
    [4] => E Class
    [5] => 
    [6] => 6789
    [7] => 2200000
    [8] => 0
    [9] => 2200000
    [10] => 
    [11] => 1
    [12] => draft
    [13] => individual
    [14] => 
    [15] => 
    [16] => 
    [17] => 0
)

[05-Apr-2026 02:44:24 Europe/Berlin] Commit successful for quotation ID: 8, total: 2200000
[15-Apr-2026 10:56:32 Europe/Berlin] INSERT SQL: INSERT INTO quotations (quotation_number, customer_id, quotation_date, vehicle_reg, vehicle_model, chassis_no, odo_reading, subtotal, tax, total_amount, notes, created_by, status, customer_type, company_name, tin, valid_until, discount) VALUES (?, ?, ?, ?, ?, ?, ?, ?, ?, ?, ?, ?, ?, ?, ?, ?, ?, ?)
[15-Apr-2026 10:56:32 Europe/Berlin] INSERT VALUES: Array
(
    [0] => QTN-2026-0001
    [1] => 17
    [2] => 2026-04-15
    [3] => UBB 456B
    [4] => G- Wagon
    [5] => DL4576782688JD478
    [6] => 45200
    [7] => 10000000
    [8] => 0
    [9] => 10000000
    [10] => 
    [11] => 1
    [12] => draft
    [13] => individual
    [14] => 
    [15] => 
    [16] => 
    [17] => 0
)

[15-Apr-2026 10:56:32 Europe/Berlin] Commit successful for quotation ID: 1, total: 10000000
[21-Apr-2026 16:39:32 Europe/Berlin] INSERT SQL: INSERT INTO quotations (quotation_number, customer_id, quotation_date, vehicle_reg, vehicle_model, chassis_no, odo_reading, subtotal, tax, total_amount, notes, created_by, status, customer_type, company_name, tin, vat_amount, service_fee) VALUES (?, ?, ?, ?, ?, ?, ?, ?, ?, ?, ?, ?, ?, ?, ?, ?, ?, ?)
[21-Apr-2026 16:39:32 Europe/Berlin] INSERT VALUES: Array
(
    [0] => QTN-2026-0001
    [1] => 32
    [2] => 2026-04-21
    [3] => UB 678RZ
    [4] => mini vani
    [5] => QW534355453BSGFT4
    [6] => 678778
    [7] => 1390000
    [8] => 0
    [9] => 1390000
    [10] => 
    [11] => 1
    [12] => draft
    [13] => individual
    [14] => 
    [15] => 
    [16] => 0
    [17] => 0
)

[21-Apr-2026 16:39:32 Europe/Berlin] Commit successful for quotation ID: 76, total: 1390000
